<?xml version="1.0" encoding="UTF-8"?>
<testsuite xmlns:xsi="http://www.w3.org/2001/XMLSchema-instance" xsi:noNamespaceSchemaLocation="https://maven.apache.org/surefire/maven-surefire-plugin/xsd/surefire-test-report-3.0.xsd" version="3.0" name="TestSuite" time="12.546" tests="2" errors="0" skipped="0" failures="0">
  <properties>
[...]
</properties>
  <testcase name="verify_Account_Registration" classname="testCases.TC_001_AccountRegistrationTest" time="3.612">
    <system-out><![CDATA[19:21:46.153 [main] INFO  testCases.TC_001_AccountRegistrationTest - *** Starting TC_001_AccountRegistrationTest ***
19:21:46.289 [main] INFO  testCases.TC_001_AccountRegistrationTest - clicked on MyAccount..
19:21:46.691 [main] INFO  testCases.TC_001_AccountRegistrationTest - clicked on Register Button..
19:21:46.691 [main] INFO  testCases.TC_001_AccountRegistrationTest - Entering Details....
19:21:49.716 [main] INFO  testCases.TC_001_AccountRegistrationTest - Clicked on continue....
19:21:49.716 [main] INFO  testCases.TC_001_AccountRegistrationTest - Validating confirmation message....
19:21:49.747 [main] INFO  testCases.TC_001_AccountRegistrationTest - Test passed.....
19:21:49.747 [main] INFO  testCases.TC_001_AccountRegistrationTest - *** Complete TC_001_AccountRegistrationTest***
]]></system-out>
    <system-err><![CDATA[SLF4J: Failed to load class "org.slf4j.impl.StaticLoggerBinder".
SLF4J: Defaulting to no-operation (NOP) logger implementation
SLF4J: See http://www.slf4j.org/codes.html#StaticLoggerBinder for further details.
]]></system-err>
  </testcase>
  <testcase name="loginTest" classname="testCases.TC_002_LoginTest" time="1.498">
    <system-out><![CDATA[19:21:51.972 [main] INFO  testCases.TC_002_LoginTest - *** Starting TC_002_LoginTest ***
19:21:52.122 [main] INFO  testCases.TC_002_LoginTest - Clicked on myAccount...
19:21:52.468 [main] INFO  testCases.TC_002_LoginTest - Clicked on Login...
19:21:52.471 [main] INFO  testCases.TC_002_LoginTest - Entering Login details........
19:21:52.973 [main] INFO  testCases.TC_002_LoginTest - Click on login Button
19:21:53.467 [main] INFO  testCases.TC_002_LoginTest - Test Passed......
19:21:53.467 [main] INFO  testCases.TC_002_LoginTest - *** Finished TC_002_LoginTest ***
]]></system-out>
  </testcase>
</testsuite>